<?xml version="1.0" encoding="utf-8"?><testsuites name="pytest tests"><testsuite name="pytest" errors="0" failures="0" skipped="0" tests="8" time="1.716" timestamp="2026-05-23T09:48:15.415776+00:00" hostname="agent-env-6d02eb52-ae06-4e3e-83bf-eeda860aa65e"><testcase classname="backend.tests.test_cms_pages" name="test_list_pages_has_7_defaults" time="0.252" /><testcase classname="backend.tests.test_cms_pages" name="test_get_home_has_7_sections" time="0.049" /><testcase classname="backend.tests.test_cms_pages" name="test_get_footer_meta" time="0.046" /><testcase classname="backend.tests.test_cms_pages" name="test_put_pages_requires_auth" time="0.143" /><testcase classname="backend.tests.test_cms_pages" name="test_put_home_updates_sections" time="0.532" /><testcase classname="backend.tests.test_cms_pages" name="test_put_footer_meta_persists" time="0.210" /><testcase classname="backend.tests.test_cms_pages" name="test_put_nonexistent_page_upserts" time="0.144" /><testcase classname="backend.tests.test_cms_pages" name="test_put_privacy_content_html" time="0.184" /></testsuite></testsuites>