<?xml version="1.0" encoding="utf-8"?><testsuites name="pytest tests"><testsuite name="pytest" errors="0" failures="0" skipped="0" tests="25" time="11.077" timestamp="2026-05-23T10:24:16.560156+00:00" hostname="agent-env-6d02eb52-ae06-4e3e-83bf-eeda860aa65e"><testcase classname="backend.tests.test_image_upload_100mb" name="test_upload_requires_auth" time="0.179" /><testcase classname="backend.tests.test_image_upload_100mb" name="test_upload_rejects_non_image" time="0.399" /><testcase classname="backend.tests.test_image_upload_100mb" name="test_upload_8mb_png_succeeds" time="0.623" /><testcase classname="backend.tests.test_image_upload_100mb" name="test_upload_105mb_rejected" time="3.299" /><testcase classname="backend.tests.test_image_upload_100mb" name="test_upload_extension_mapping[image/png-.png-\x89PNG\r\n\x1a\n]" time="0.182" /><testcase classname="backend.tests.test_image_upload_100mb" name="test_upload_extension_mapping[image/jpeg-.jpg-\xff\xd8\xff\xe0]" time="0.151" /><testcase classname="backend.tests.test_image_upload_100mb" name="test_upload_extension_mapping[image/webp-.webp-RIFF\x00\x00\x00\x00WEBPVP8 ]" time="0.172" /><testcase classname="backend.tests.test_image_upload_100mb" name="test_upload_extension_mapping[image/gif-.gif-GIF89a]" time="0.188" /><testcase classname="backend.tests.test_image_upload_100mb" name="test_response_shape_no_base64" time="0.051" /><testcase classname="backend.tests.test_image_upload_100mb" name="test_existing_external_image_urls_still_served" time="1.417" /><testcase classname="backend.tests.test_image_upload_100mb" name="test_admin_login_regression" time="0.324" /><testcase classname="backend.tests.test_image_upload_100mb" name="test_categories_pages_regression" time="0.243" /><testcase classname="backend.tests.test_image_upload_100mb" name="test_seeded_gallery_product_intact" time="0.107" /><testcase classname="backend.tests.test_product_images" name="test_create_product_with_gallery_persists" time="0.521" /><testcase classname="backend.tests.test_product_images" name="test_list_products_has_images_field" time="1.813" /><testcase classname="backend.tests.test_product_images" name="test_update_product_images" time="0.257" /><testcase classname="backend.tests.test_product_images" name="test_backward_compat_legacy_image_url" time="0.244" /><testcase classname="backend.tests.test_product_images" name="test_upload_rejects_non_image" time="0.044" /><testcase classname="backend.tests.test_product_images" name="test_upload_accepts_image_types[image/jpeg-.jpg]" time="0.048" /><testcase classname="backend.tests.test_product_images" name="test_upload_accepts_image_types[image/png-.png]" time="0.047" /><testcase classname="backend.tests.test_product_images" name="test_upload_accepts_image_types[image/webp-.webp]" time="0.046" /><testcase classname="backend.tests.test_product_images" name="test_seeded_product_has_4_images" time="0.117" /><testcase classname="backend.tests.test_product_images" name="test_admin_login_regression" time="0.327" /><testcase classname="backend.tests.test_product_images" name="test_categories_list_regression" time="0.104" /><testcase classname="backend.tests.test_product_images" name="test_pages_list_regression" time="0.100" /></testsuite></testsuites>