<?xml version="1.0" encoding="utf-8"?><testsuites name="pytest tests"><testsuite name="pytest" errors="0" failures="0" skipped="0" tests="6" time="1.654" timestamp="2026-05-23T09:27:42.818871+00:00" hostname="agent-env-6d02eb52-ae06-4e3e-83bf-eeda860aa65e"><testcase classname="backend.tests.test_logo_and_slides" name="test_get_settings_includes_logo_url" time="0.270" /><testcase classname="backend.tests.test_logo_and_slides" name="test_logo_url_backfilled_to_mayur_plus" time="0.108" /><testcase classname="backend.tests.test_logo_and_slides" name="test_put_settings_requires_admin_for_logo" time="0.104" /><testcase classname="backend.tests.test_logo_and_slides" name="test_put_logo_url_persists_new_value" time="0.676" /><testcase classname="backend.tests.test_logo_and_slides" name="test_put_logo_url_empty_string_resets" time="0.239" /><testcase classname="backend.tests.test_logo_and_slides" name="test_put_slider_slides_filters_empty_slides" time="0.193" /></testsuite></testsuites>