<?xml version="1.0" encoding="utf-8"?><testsuites name="pytest tests"><testsuite name="pytest" errors="0" failures="0" skipped="0" tests="13" time="4.577" timestamp="2026-05-23T10:08:47.608989+00:00" hostname="agent-env-6d02eb52-ae06-4e3e-83bf-eeda860aa65e"><testcase classname="backend.tests.test_product_images" name="test_create_product_with_gallery_persists" time="1.896" /><testcase classname="backend.tests.test_product_images" name="test_list_products_has_images_field" time="0.947" /><testcase classname="backend.tests.test_product_images" name="test_update_product_images" time="0.243" /><testcase classname="backend.tests.test_product_images" name="test_backward_compat_legacy_image_url" time="0.204" /><testcase classname="backend.tests.test_product_images" name="test_upload_rejects_non_image" time="0.043" /><testcase classname="backend.tests.test_product_images" name="test_upload_rejects_oversize" time="0.254" /><testcase classname="backend.tests.test_product_images" name="test_upload_accepts_image_types[image/jpeg-x.jpg]" time="0.042" /><testcase classname="backend.tests.test_product_images" name="test_upload_accepts_image_types[image/png-x.png]" time="0.044" /><testcase classname="backend.tests.test_product_images" name="test_upload_accepts_image_types[image/webp-x.webp]" time="0.043" /><testcase classname="backend.tests.test_product_images" name="test_seeded_product_has_4_images" time="0.099" /><testcase classname="backend.tests.test_product_images" name="test_admin_login_regression" time="0.352" /><testcase classname="backend.tests.test_product_images" name="test_categories_list_regression" time="0.099" /><testcase classname="backend.tests.test_product_images" name="test_pages_list_regression" time="0.162" /></testsuite></testsuites>