<?xml version="1.0" encoding="utf-8"?><testsuites name="pytest tests"><testsuite name="pytest" errors="0" failures="0" skipped="0" tests="9" time="2.451" timestamp="2026-05-23T08:19:28.367570+00:00" hostname="agent-env-6d02eb52-ae06-4e3e-83bf-eeda860aa65e"><testcase classname="backend.tests.test_slider_and_products.TestSettings" name="test_get_settings_has_slider_fields" time="0.227" /><testcase classname="backend.tests.test_slider_and_products.TestSettings" name="test_update_slider_settings_requires_admin" time="0.108" /><testcase classname="backend.tests.test_slider_and_products.TestSettings" name="test_update_slider_settings_admin" time="0.671" /><testcase classname="backend.tests.test_slider_and_products.TestUploadImage" name="test_upload_image_requires_admin" time="0.114" /><testcase classname="backend.tests.test_slider_and_products.TestUploadImage" name="test_upload_image_rejects_non_image" time="0.105" /><testcase classname="backend.tests.test_slider_and_products.TestUploadImage" name="test_upload_image_success" time="0.099" /><testcase classname="backend.tests.test_slider_and_products.TestUploadImage" name="test_upload_image_rejects_too_large" time="0.395" /><testcase classname="backend.tests.test_slider_and_products.TestProductIsNew" name="test_filter_is_new_true" time="0.103" /><testcase classname="backend.tests.test_slider_and_products.TestProductIsNew" name="test_create_and_update_is_new" time="0.556" /></testsuite></testsuites>