<?xml version="1.0" encoding="utf-8"?><testsuites name="pytest tests"><testsuite name="pytest" errors="0" failures="0" skipped="0" tests="10" time="1.804" timestamp="2026-05-23T08:55:48.928817+00:00" hostname="agent-env-6d02eb52-ae06-4e3e-83bf-eeda860aa65e"><testcase classname="backend.tests.test_products_drilldown.TestCategoriesSeed" name="test_three_top_level_categories" time="0.149" /><testcase classname="backend.tests.test_products_drilldown.TestCategoriesSeed" name="test_abrasives_subcategories" time="0.145" /><testcase classname="backend.tests.test_products_drilldown.TestCategoriesSeed" name="test_saw_blades_subcategories" time="0.105" /><testcase classname="backend.tests.test_products_drilldown.TestCategoriesSeed" name="test_power_tools_subcategories" time="0.116" /><testcase classname="backend.tests.test_products_drilldown.TestProductFiltering" name="test_all_products" time="0.132" /><testcase classname="backend.tests.test_products_drilldown.TestProductFiltering" name="test_filter_by_abrasives" time="0.104" /><testcase classname="backend.tests.test_products_drilldown.TestProductFiltering" name="test_filter_by_abrasives_cut_off_wheels" time="0.110" /><testcase classname="backend.tests.test_products_drilldown.TestProductFiltering" name="test_filter_by_saw_blades" time="0.102" /><testcase classname="backend.tests.test_products_drilldown.TestProductFiltering" name="test_filter_by_power_tools_returns_zero" time="0.101" /><testcase classname="backend.tests.test_products_drilldown.TestAdminCategoryCrud" name="test_create_update_delete_with_subcategory" time="0.672" /></testsuite></testsuites>