<?xml version="1.0" encoding="utf-8"?><testsuites name="pytest tests"><testsuite name="pytest" errors="0" failures="1" skipped="0" tests="6" time="2.658" timestamp="2026-05-23T09:07:44.772194+00:00" hostname="agent-env-6d02eb52-ae06-4e3e-83bf-eeda860aa65e"><testcase classname="backend.tests.test_slider_slides_mobile" name="test_get_settings_returns_slider_slides_shape" time="0.176" /><testcase classname="backend.tests.test_slider_slides_mobile" name="test_legacy_slider_images_synced_with_desktop" time="0.157" /><testcase classname="backend.tests.test_slider_slides_mobile" name="test_put_settings_requires_admin" time="0.103" /><testcase classname="backend.tests.test_slider_slides_mobile" name="test_put_slider_slides_persists_and_syncs" time="1.669"><failure message="AssertionError: expected 2 slides after filter, got 3: [{'desktop': 'https://example.com/a-desk.jpg', 'mobile': 'https://example.com/a-mob.jpg'}, {'desktop': 'https://example.com/c-desk.jpg', 'mobile': ''}, {'desktop': '', 'mobile': ''}]&#10;assert 3 == 2&#10; +  where 3 = len([{'desktop': 'https://example.com/a-desk.jpg', 'mobile': 'https://example.com/a-mob.jpg'}, {'desktop': 'https://example.com/c-desk.jpg', 'mobile': ''}, {'desktop': '', 'mobile': ''}])">backend/tests/test_slider_slides_mobile.py:92: in test_put_slider_slides_persists_and_syncs
    assert len(slides) == 2, f"expected 2 slides after filter, got {len(slides)}: {slides}"
E   AssertionError: expected 2 slides after filter, got 3: [{'desktop': 'https://example.com/a-desk.jpg', 'mobile': 'https://example.com/a-mob.jpg'}, {'desktop': 'https://example.com/c-desk.jpg', 'mobile': ''}, {'desktop': '', 'mobile': ''}]
E   assert 3 == 2
E    +  where 3 = len([{'desktop': 'https://example.com/a-desk.jpg', 'mobile': 'https://example.com/a-mob.jpg'}, {'desktop': 'https://example.com/c-desk.jpg', 'mobile': ''}, {'desktop': '', 'mobile': ''}])</failure></testcase><testcase classname="backend.tests.test_slider_slides_mobile" name="test_put_slider_slides_trims_whitespace" time="0.266" /><testcase classname="backend.tests.test_slider_slides_mobile" name="test_slider_interval_persists" time="0.203" /></testsuite></testsuites>